
/home/runner/work/exp-arrays-iiith/exp-arrays-iiith/experiment/simulation/simulation/1-D/array.js
   51:44  warning  'view' is not defined                      no-undef
   52:47  warning  'view' is not defined                      no-undef
   53:46  warning  'view' is not defined                      no-undef
   74:9   warning  'i' is not defined                         no-undef
   74:17  warning  'i' is not defined                         no-undef
   74:34  warning  'i' is not defined                         no-undef
   92:9   warning  'i' is not defined                         no-undef
   92:17  warning  'i' is not defined                         no-undef
   92:43  warning  'i' is not defined                         no-undef
   96:37  warning  'i' is not defined                         no-undef
   97:9   warning  'i' is not defined                         no-undef
   99:14  warning  'i' is not defined                         no-undef
  125:7   warning  'result' is defined but never used         no-unused-vars
  126:9   warning  'i' is not defined                         no-undef
  126:17  warning  'i' is not defined                         no-undef
  126:43  warning  'i' is not defined                         no-undef
  127:35  warning  'i' is not defined                         no-undef
  148:9   warning  'i' is not defined                         no-undef
  148:17  warning  'i' is not defined                         no-undef
  148:43  warning  'i' is not defined                         no-undef
  149:17  warning  'i' is not defined                         no-undef
  149:42  warning  'i' is not defined                         no-undef
  181:7   warning  'temp' is assigned a value but never used  no-unused-vars
  193:9   warning  'i' is not defined                         no-undef
  193:17  warning  'i' is not defined                         no-undef
  193:43  warning  'i' is not defined                         no-undef
  194:17  warning  'i' is not defined                         no-undef
  194:38  warning  'i' is not defined                         no-undef
  272:30  warning  'view' is not defined                      no-undef

/home/runner/work/exp-arrays-iiith/exp-arrays-iiith/experiment/simulation/simulation/2-D/js/array.js
   31:2   warning  'model' is not defined  no-undef
   32:2   warning  'model' is not defined  no-undef
   33:2   warning  'model' is not defined  no-undef
   34:2   warning  'model' is not defined  no-undef
   35:2   warning  'model' is not defined  no-undef
   36:2   warning  'model' is not defined  no-undef
   37:2   warning  'model' is not defined  no-undef
   38:2   warning  'model' is not defined  no-undef
   39:2   warning  'model' is not defined  no-undef
   40:2   warning  'model' is not defined  no-undef
   76:46  warning  'view' is not defined   no-undef
   77:48  warning  'view' is not defined   no-undef
   78:48  warning  'view' is not defined   no-undef
   79:49  warning  'view' is not defined   no-undef
   80:48  warning  'view' is not defined   no-undef
  122:9   warning  'i' is not defined      no-undef
  122:17  warning  'i' is not defined      no-undef
  122:28  warning  'i' is not defined      no-undef
  138:9   warning  'i' is not defined      no-undef
  138:17  warning  'i' is not defined      no-undef
  138:28  warning  'i' is not defined      no-undef
  152:2   warning  Mixed spaces and tabs   no-mixed-spaces-and-tabs
  153:2   warning  Mixed spaces and tabs   no-mixed-spaces-and-tabs
  154:9   warning  'i' is not defined      no-undef
  154:17  warning  'i' is not defined      no-undef
  154:34  warning  'i' is not defined      no-undef
  157:10  warning  'j' is not defined      no-undef
  157:18  warning  'j' is not defined      no-undef
  157:35  warning  'j' is not defined      no-undef
  167:9   warning  'i' is not defined      no-undef
  167:17  warning  'i' is not defined      no-undef
  167:39  warning  'i' is not defined      no-undef
  169:13  warning  'i' is not defined      no-undef
  169:41  warning  'i' is not defined      no-undef
  177:9   warning  'i' is not defined      no-undef
  177:17  warning  'i' is not defined      no-undef
  177:34  warning  'i' is not defined      no-undef
  180:10  warning  'j' is not defined      no-undef
  180:18  warning  'j' is not defined      no-undef
  180:35  warning  'j' is not defined      no-undef
  190:9   warning  'i' is not defined      no-undef
  190:17  warning  'i' is not defined      no-undef
  190:39  warning  'i' is not defined      no-undef
  192:13  warning  'i' is not defined      no-undef
  192:41  warning  'i' is not defined      no-undef
  200:9   warning  'i' is not defined      no-undef
  200:17  warning  'i' is not defined      no-undef
  200:34  warning  'i' is not defined      no-undef
  203:10  warning  'j' is not defined      no-undef
  203:18  warning  'j' is not defined      no-undef
  203:35  warning  'j' is not defined      no-undef
  213:9   warning  'i' is not defined      no-undef
  213:17  warning  'i' is not defined      no-undef
  213:39  warning  'i' is not defined      no-undef
  215:13  warning  'i' is not defined      no-undef
  231:9   warning  'model' is not defined  no-undef
  231:18  warning  'model' is not defined  no-undef
  231:28  warning  'model' is not defined  no-undef
  231:51  warning  'model' is not defined  no-undef
  232:16  warning  'model' is not defined  no-undef
  232:31  warning  'model' is not defined  no-undef
  233:3   warning  'model' is not defined  no-undef
  237:9   warning  'model' is not defined  no-undef
  237:18  warning  'model' is not defined  no-undef
  237:28  warning  'model' is not defined  no-undef
  237:51  warning  'model' is not defined  no-undef
  238:16  warning  'model' is not defined  no-undef
  238:31  warning  'model' is not defined  no-undef
  241:8   warning  'model' is not defined  no-undef
  244:10  warning  'model' is not defined  no-undef
  244:19  warning  'model' is not defined  no-undef
  244:29  warning  'model' is not defined  no-undef
  244:52  warning  'model' is not defined  no-undef
  245:17  warning  'model' is not defined  no-undef
  245:32  warning  'model' is not defined  no-undef
  247:10  warning  'model' is not defined  no-undef
  247:19  warning  'model' is not defined  no-undef
  247:29  warning  'model' is not defined  no-undef
  247:52  warning  'model' is not defined  no-undef
  248:17  warning  'model' is not defined  no-undef
  248:32  warning  'model' is not defined  no-undef
  249:4   warning  'model' is not defined  no-undef
  250:4   warning  'model' is not defined  no-undef
  255:34  warning  'model' is not defined  no-undef
  255:49  warning  'model' is not defined  no-undef
  257:3   warning  'model' is not defined  no-undef
  259:35  warning  'model' is not defined  no-undef
  259:50  warning  'model' is not defined  no-undef
  261:3   warning  'model' is not defined  no-undef
  263:40  warning  'model' is not defined  no-undef
  263:55  warning  'model' is not defined  no-undef
  265:3   warning  'model' is not defined  no-undef
  266:3   warning  'model' is not defined  no-undef
  269:76  warning  'model' is not defined  no-undef
  269:91  warning  'model' is not defined  no-undef
  273:62  warning  'model' is not defined  no-undef
  273:77  warning  'model' is not defined  no-undef
  276:7   warning  'model' is not defined  no-undef
  279:35  warning  'model' is not defined  no-undef
  279:50  warning  'model' is not defined  no-undef
  282:36  warning  'model' is not defined  no-undef
  282:54  warning  'model' is not defined  no-undef
  287:8   warning  'model' is not defined  no-undef
  290:10  warning  'model' is not defined  no-undef
  290:19  warning  'model' is not defined  no-undef
  290:29  warning  'model' is not defined  no-undef
  290:52  warning  'model' is not defined  no-undef
  291:17  warning  'model' is not defined  no-undef
  291:36  warning  'model' is not defined  no-undef
  292:4   warning  'model' is not defined  no-undef
  297:10  warning  'model' is not defined  no-undef
  297:19  warning  'model' is not defined  no-undef
  297:29  warning  'model' is not defined  no-undef
  297:52  warning  'model' is not defined  no-undef
  298:17  warning  'model' is not defined  no-undef
  298:32  warning  'model' is not defined  no-undef
  300:10  warning  'model' is not defined  no-undef
  300:19  warning  'model' is not defined  no-undef
  300:29  warning  'model' is not defined  no-undef
  300:52  warning  'model' is not defined  no-undef
  301:17  warning  'model' is not defined  no-undef
  301:32  warning  'model' is not defined  no-undef
  302:4   warning  'model' is not defined  no-undef
  303:4   warning  'model' is not defined  no-undef
  306:3   warning  'model' is not defined  no-undef
  307:3   warning  'model' is not defined  no-undef
  308:3   warning  'model' is not defined  no-undef
  309:3   warning  'model' is not defined  no-undef
  310:3   warning  'model' is not defined  no-undef
  311:3   warning  'model' is not defined  no-undef
  314:3   warning  'model' is not defined  no-undef
  315:3   warning  'model' is not defined  no-undef
  316:3   warning  'model' is not defined  no-undef
  317:3   warning  'model' is not defined  no-undef
  320:8   warning  'model' is not defined  no-undef
  323:10  warning  'model' is not defined  no-undef
  323:19  warning  'model' is not defined  no-undef
  323:29  warning  'model' is not defined  no-undef
  323:52  warning  'model' is not defined  no-undef
  324:17  warning  'model' is not defined  no-undef
  325:4   warning  'model' is not defined  no-undef
  339:9   warning  'model' is not defined  no-undef
  365:9   warning  'model' is not defined  no-undef
  383:48  warning  'model' is not defined  no-undef
  393:17  warning  'model' is not defined  no-undef
  420:30  warning  'view' is not defined   no-undef

✖ 175 problems (0 errors, 175 warnings)

